<?xml version="1.0" encoding="utf-8"?><testsuites><testsuite name="pytest" errors="0" failures="0" skipped="0" tests="93" time="66.856" timestamp="2025-05-27T14:28:46.264866+00:00" hostname="fv-az2210-510"><testcase classname="api.tests.UserModelTest" name="test_user_creation" time="1.445" /><testcase classname="api.tests.UserModelTest" name="test_user_default_role" time="0.926" /><testcase classname="api.tests.UserModelTest" name="test_user_str_representation" time="0.926" /><testcase classname="api.tests.UserModelTest" name="test_user_team_membership" time="0.931" /><testcase classname="api.tests.UserRegistrationSerializerTest" name="test_registration_existing_email" time="0.362" /><testcase classname="api.tests.UserRegistrationSerializerTest" name="test_registration_existing_username" time="0.311" /><testcase classname="api.tests.UserRegistrationSerializerTest" name="test_registration_optional_fields_not_provided" time="0.310" /><testcase classname="api.tests.UserRegistrationSerializerTest" name="test_registration_password_mismatch" time="0.003" /><testcase classname="api.tests.AssigneeUserSerializerTest" name="test_assignee_display_name_username_only" time="0.002" /><testcase classname="api.tests.TeamModelTest" name="test_team_creation" time="0.309" /><testcase classname="api.tests.TeamModelTest" name="test_team_str_representation" time="0.315" /><testcase classname="api.tests.TaskSerializerValidationTest" name="test_task_serializer_assignee_id_null" time="0.623" /><testcase classname="api.tests.TaskSerializerValidationTest" name="test_task_serializer_invalid_assignee_id" time="0.695" /><testcase classname="api.tests.TaskSerializerValidationTest" name="test_task_serializer_invalid_project_id" time="0.618" /><testcase classname="api.tests.UserProfileViewTest" name="test_user_profile_view_authenticated" time="0.353" /><testcase classname="api.tests.UserProfileViewTest" name="test_user_profile_view_unauthenticated" time="0.310" /><testcase classname="api.tests.ProjectAPITests" name="test_create_project_as_owner" time="0.622" /><testcase classname="api.tests.ProjectAPITests" name="test_delete_project_by_non_owner_forbidden" time="0.619" /><testcase classname="api.tests.ProjectAPITests" name="test_delete_project_by_owner" time="0.620" /><testcase classname="api.tests.ProjectAPITests" name="test_list_projects_as_owner" time="0.623" /><testcase classname="api.tests.ProjectAPITests" name="test_partial_update_project_by_owner" time="0.622" /><testcase classname="api.tests.ProjectAPITests" name="test_project_endpoints_unauthenticated" time="0.621" /><testcase classname="api.tests.ProjectAPITests" name="test_project_task_status_chart_api_failure" time="0.645" /><testcase classname="api.tests.ProjectAPITests" name="test_project_task_status_chart_by_employee_forbidden" time="0.795" /><testcase classname="api.tests.ProjectAPITests" name="test_project_task_status_chart_by_owner" time="0.617" /><testcase classname="api.tests.ProjectAPITests" name="test_project_task_status_chart_unauthenticated" time="0.618" /><testcase classname="api.tests.ProjectAPITests" name="test_project_velocity_chart_api_failure" time="0.626" /><testcase classname="api.tests.ProjectAPITests" name="test_project_velocity_chart_by_employee_forbidden" time="0.649" /><testcase classname="api.tests.ProjectAPITests" name="test_project_velocity_chart_by_owner" time="0.718" /><testcase classname="api.tests.ProjectAPITests" name="test_project_velocity_chart_no_data" time="0.630" /><testcase classname="api.tests.ProjectAPITests" name="test_project_velocity_chart_unauthenticated" time="0.618" /><testcase classname="api.tests.ProjectAPITests" name="test_retrieve_project_as_owner" time="0.635" /><testcase classname="api.tests.ProjectAPITests" name="test_update_project_by_non_owner_forbidden" time="0.626" /><testcase classname="api.tests.ProjectAPITests" name="test_update_project_by_owner" time="0.623" /><testcase classname="api.tests.TaskAPITests" name="test_create_task_as_authenticated_user" time="0.935" /><testcase classname="api.tests.TaskAPITests" name="test_delete_task_by_assignee" time="0.933" /><testcase classname="api.tests.TaskAPITests" name="test_delete_task_by_other_user_forbidden" time="0.936" /><testcase classname="api.tests.TaskAPITests" name="test_delete_task_by_owner" time="0.930" /><testcase classname="api.tests.TaskAPITests" name="test_list_tasks_as_authenticated_user" time="0.936" /><testcase classname="api.tests.TaskAPITests" name="test_retrieve_task_as_assignee" time="0.931" /><testcase classname="api.tests.TaskAPITests" name="test_retrieve_task_as_owner" time="0.931" /><testcase classname="api.tests.TaskAPITests" name="test_retrieve_task_as_staff_member" time="1.240" /><testcase classname="api.tests.TaskAPITests" name="test_task_action_mark_as_done_by_owner_of_task_assigned_to_owner" time="0.954" /><testcase classname="api.tests.TaskAPITests" name="test_task_action_mark_as_done_invalid_state" time="0.936" /><testcase classname="api.tests.TaskAPITests" name="test_task_action_start_progress_by_assignee" time="0.936" /><testcase classname="api.tests.TaskAPITests" name="test_task_action_start_progress_invalid_state" time="0.935" /><testcase classname="api.tests.TaskAPITests" name="test_task_endpoints_unauthenticated" time="0.941" /><testcase classname="api.tests.TaskAPITests" name="test_task_filter_by_status_as_owner" time="0.935" /><testcase classname="api.tests.TaskAPITests" name="test_update_task_by_assignee" time="0.935" /><testcase classname="api.tests.TaskAPITests" name="test_update_task_by_other_user_forbidden" time="0.929" /><testcase classname="api.tests.TaskAPITests" name="test_update_task_by_owner" time="0.935" /><testcase classname="api.tests.TaskAPITests" name="test_update_task_by_staff_member_forbidden" time="1.257" /><testcase classname="api.tests.ChartViewTests" name="test_business_statistics_api_failure" time="0.620" /><testcase classname="api.tests.ChartViewTests" name="test_business_statistics_no_data" time="0.627" /><testcase classname="api.tests.ChartViewTests" name="test_business_statistics_story_points_monthly" time="0.619" /><testcase classname="api.tests.ChartViewTests" name="test_project_task_status_chart_as_owner" time="0.635" /><testcase classname="api.tests.ChartViewTests" name="test_project_task_status_chart_no_tasks" time="0.942" /><testcase classname="api.tests.ChartViewTests" name="test_project_velocity_chart_as_owner" time="0.634" /><testcase classname="api.tests.ChartViewTests" name="test_user_personal_stats_api_failure" time="0.631" /><testcase classname="api.tests.ChartViewTests" name="test_user_personal_stats_no_data" time="0.640" /><testcase classname="api.tests.ChartViewTests" name="test_user_personal_task_stats_for_assignee" time="0.625" /><testcase classname="api.tests.ChartViewTests" name="test_user_personal_task_stats_for_owner" time="0.624" /><testcase classname="api.tests.QuickChartHelperTests" name="test_get_chart_url_success" time="0.002" /><testcase classname="api.tests.WorkLogAPITests" name="test_create_worklog_for_task_as_loguser1" time="0.936" /><testcase classname="api.tests.WorkLogAPITests" name="test_create_worklog_unauthenticated" time="0.932" /><testcase classname="api.tests.WorkLogAPITests" name="test_delete_own_worklog_as_loguser1" time="0.933" /><testcase classname="api.tests.WorkLogAPITests" name="test_list_all_worklogs_as_admin" time="0.937" /><testcase classname="api.tests.WorkLogAPITests" name="test_list_own_worklogs_as_loguser1" time="0.933" /><testcase classname="api.tests.WorkLogAPITests" name="test_retrieve_others_worklog_as_loguser1_not_found" time="0.935" /><testcase classname="api.tests.WorkLogAPITests" name="test_retrieve_own_worklog_as_loguser1" time="0.929" /><testcase classname="api.tests.WorkLogAPITests" name="test_update_others_worklog_as_loguser1_forbidden" time="0.930" /><testcase classname="api.tests.WorkLogAPITests" name="test_update_own_worklog_as_loguser1" time="0.928" /><testcase classname="api.tests.WorkLogSerializerValidationTest" name="test_worklog_serializer_both_task_and_project" time="0.311" /><testcase classname="api.tests.WorkLogSerializerValidationTest" name="test_worklog_serializer_create_with_project_only" time="0.310" /><testcase classname="api.tests.WorkLogSerializerValidationTest" name="test_worklog_serializer_neither_task_nor_project" time="0.309" /><testcase classname="api.tests.WorkLogSerializerValidationTest" name="test_worklog_serializer_update_task_to_none_no_project" time="0.311" /><testcase classname="api.tests.ModelStrRepresentationTests" name="test_project_str_representation" time="0.311" /><testcase classname="api.tests.ModelStrRepresentationTests" name="test_task_str_representation" time="0.309" /><testcase classname="api.tests.ModelStrRepresentationTests" name="test_worklog_str_representation" time="0.309" /><testcase classname="api.tests.OwnerDashboardViewTest" name="test_owner_dashboard_access_by_employee_forbidden" time="0.620" /><testcase classname="api.tests.OwnerDashboardViewTest" name="test_owner_dashboard_access_by_owner" time="0.625" /><testcase classname="api.tests.OwnerDashboardViewTest" name="test_owner_dashboard_access_unauthenticated" time="0.751" /><testcase classname="api.tests.EmployeeDashboardViewTest" name="test_employee_dashboard_access_unauthenticated" time="1.186" /><testcase classname="api.tests.EmployeeDashboardViewTest" name="test_employee_dashboard_no_teams_no_project_tasks" time="1.578" /><testcase classname="api.tests.EmployeeDashboardViewTest" name="test_employee_dashboard_structure" time="1.192" /><testcase classname="api.tests.LogoutAPIViewTest" name="test_logout_invalid_token_or_already_logged_out" time="0.362" /><testcase classname="api.tests.LogoutAPIViewTest" name="test_logout_successful" time="0.403" /><testcase classname="api.tests.LogoutAPIViewTest" name="test_logout_unauthenticated" time="0.399" /><testcase classname="api.tests.UserListViewSetTest" name="test_list_users" time="1.167" /><testcase classname="api.tests.UserListViewSetTest" name="test_list_users_search_firstname" time="0.927" /><testcase classname="api.tests.UserListViewSetTest" name="test_list_users_search_no_results" time="0.925" /><testcase classname="api.tests.UserListViewSetTest" name="test_list_users_search_username" time="0.930" /><testcase classname="api.tests.UserListViewSetTest" name="test_list_users_unauthenticated" time="0.922" /></testsuite></testsuites>